{"C:\\Users\\silve\\Desktop\\TrainingApp\\src\\App.tsx": {"path":"C:\\Users\\silve\\Desktop\\TrainingApp\\src\\App.tsx","statementMap":{"0":{"start":{"line":1,"column":0},"end":{"line":1,"column":30}},"1":{"start":{"line":2,"column":0},"end":{"line":2,"column":19}},"2":{"start":{"line":4,"column":0},"end":{"line":4,"column":29}},"3":{"start":{"line":6,"column":0},"end":{"line":6,"column":33}},"4":{"start":{"line":6,"column":18},"end":{"line":6,"column":33}},"5":{"start":{"line":7,"column":9},"end":{"line":19,"column":3}},"6":{"start":{"line":8,"column":4},"end":{"line":18,"column":6}},"7":{"start":{"line":20,"column":0},"end":{"line":20,"column":1}},"8":{"start":{"line":22,"column":0},"end":{"line":22,"column":19}}},"fnMap":{"0":{"name":"(anonymous_6)","decl":{"start":{"line":6,"column":0},"end":{"line":null,"column":-1}},"loc":{"start":{"line":6,"column":0},"end":{"line":6,"column":-1}}},"1":{"name":"(anonymous_8)","decl":{"start":{"line":7,"column":2},"end":{"line":null,"column":-1}},"loc":{"start":{"line":7,"column":2},"end":{"line":19,"column":3}}}},"branchMap":{},"s":{"0":1,"1":1,"2":1,"3":1,"4":1,"5":1,"6":1,"7":1,"8":1},"f":{"0":2,"1":1},"b":{}}
,"C:\\Users\\silve\\Desktop\\TrainingApp\\src\\components\\create-user.tsx": {"path":"C:\\Users\\silve\\Desktop\\TrainingApp\\src\\components\\create-user.tsx","statementMap":{"0":{"start":{"line":1,"column":0},"end":{"line":1,"column":30}},"1":{"start":{"line":4,"column":0},"end":{"line":4,"column":47}},"2":{"start":{"line":4,"column":32},"end":{"line":4,"column":57}},"3":{"start":{"line":5,"column":11},"end":{"line":12,"column":5}},"4":{"start":{"line":7,"column":8},"end":{"line":11,"column":20}},"5":{"start":{"line":13,"column":0},"end":{"line":13,"column":1}},"6":{"start":{"line":4,"column":13},"end":{"line":4,"column":23}}},"fnMap":{"0":{"name":"(anonymous_6)","decl":{"start":{"line":4,"column":0},"end":{"line":null,"column":-1}},"loc":{"start":{"line":4,"column":0},"end":{"line":4,"column":-1}}},"1":{"name":"(anonymous_8)","decl":{"start":{"line":5,"column":4},"end":{"line":null,"column":-1}},"loc":{"start":{"line":5,"column":4},"end":{"line":12,"column":5}}}},"branchMap":{},"s":{"0":1,"1":1,"2":1,"3":1,"4":0,"5":1,"6":1},"f":{"0":1,"1":0},"b":{}}
,"C:\\Users\\silve\\desktop\\TrainingApp\\src\\App.tsx": {"path":"C:\\Users\\silve\\desktop\\TrainingApp\\src\\App.tsx","statementMap":{"0":{"start":{"line":1,"column":0},"end":{"line":1,"column":-1}},"1":{"start":{"line":2,"column":0},"end":{"line":null,"column":-1}},"2":{"start":{"line":4,"column":0},"end":{"line":4,"column":-1}},"3":{"start":{"line":6,"column":0},"end":{"line":6,"column":-1}},"4":{"start":{"line":6,"column":18},"end":{"line":null,"column":-1}},"5":{"start":{"line":7,"column":9},"end":{"line":null,"column":-1}},"6":{"start":{"line":8,"column":4},"end":{"line":null,"column":-1}},"7":{"start":{"line":20,"column":0},"end":{"line":null,"column":-1}},"8":{"start":{"line":22,"column":0},"end":{"line":null,"column":-1}}},"fnMap":{"0":{"name":"(anonymous_6)","decl":{"start":{"line":6,"column":0},"end":{"line":6,"column":-1}},"loc":{"start":{"line":6,"column":0},"end":{"line":6,"column":-1}}},"1":{"name":"(anonymous_8)","decl":{"start":{"line":7,"column":2},"end":{"line":7,"column":1}},"loc":{"start":{"line":7,"column":2},"end":{"line":7,"column":9}}}},"branchMap":{},"s":{"0":0,"1":0,"2":0,"3":0,"4":0,"5":0,"6":0,"7":0,"8":0},"f":{"0":0,"1":0},"b":{}}
,"C:\\Users\\silve\\desktop\\TrainingApp\\src\\index.tsx": {"path":"C:\\Users\\silve\\desktop\\TrainingApp\\src\\index.tsx","statementMap":{"0":{"start":{"line":1,"column":0},"end":{"line":1,"column":-1}},"1":{"start":{"line":2,"column":0},"end":{"line":2,"column":-1}},"2":{"start":{"line":3,"column":0},"end":{"line":3,"column":-1}},"3":{"start":{"line":4,"column":0},"end":{"line":null,"column":-1}},"4":{"start":{"line":5,"column":0},"end":{"line":5,"column":-1}},"5":{"start":{"line":7,"column":0},"end":{"line":null,"column":-1}},"6":{"start":{"line":11,"column":0},"end":{"line":null,"column":-1}}},"fnMap":{},"branchMap":{},"s":{"0":0,"1":0,"2":0,"3":0,"4":0,"5":0,"6":0},"f":{},"b":{}}
,"C:\\Users\\silve\\desktop\\TrainingApp\\src\\registerServiceWorker.ts": {"path":"C:\\Users\\silve\\desktop\\TrainingApp\\src\\registerServiceWorker.ts","statementMap":{"0":{"start":{"line":12,"column":20},"end":{"line":12,"column":0}},"1":{"start":{"line":23,"column":2},"end":{"line":56,"column":3}},"2":{"start":{"line":25,"column":22},"end":{"line":25,"column":4}},"3":{"start":{"line":29,"column":4},"end":{"line":34,"column":5}},"4":{"start":{"line":33,"column":6},"end":{"line":null,"column":-1}},"5":{"start":{"line":36,"column":4},"end":{"line":null,"column":-1}},"6":{"start":{"line":37,"column":23},"end":{"line":37,"column":6}},"7":{"start":{"line":39,"column":6},"end":{"line":54,"column":7}},"8":{"start":{"line":41,"column":8},"end":{"line":null,"column":-1}},"9":{"start":{"line":45,"column":8},"end":{"line":null,"column":-1}},"10":{"start":{"line":46,"column":10},"end":{"line":null,"column":-1}},"11":{"start":{"line":53,"column":8},"end":{"line":null,"column":-1}},"12":{"start":{"line":22,"column":0},"end":{"line":null,"column":-1}},"13":{"start":{"line":60,"column":2},"end":{"line":null,"column":-1}},"14":{"start":{"line":63,"column":6},"end":{"line":null,"column":-1}},"15":{"start":{"line":64,"column":33},"end":{"line":64,"column":8}},"16":{"start":{"line":65,"column":8},"end":{"line":82,"column":9}},"17":{"start":{"line":66,"column":10},"end":{"line":null,"column":-1}},"18":{"start":{"line":67,"column":12},"end":{"line":80,"column":13}},"19":{"start":{"line":68,"column":14},"end":{"line":79,"column":15}},"20":{"start":{"line":73,"column":16},"end":{"line":null,"column":-1}},"21":{"start":{"line":78,"column":16},"end":{"line":null,"column":-1}},"22":{"start":{"line":86,"column":6},"end":{"line":null,"column":-1}},"23":{"start":{"line":92,"column":2},"end":{"line":null,"column":-1}},"24":{"start":{"line":95,"column":6},"end":{"line":108,"column":7}},"25":{"start":{"line":100,"column":8},"end":{"line":null,"column":-1}},"26":{"start":{"line":101,"column":10},"end":{"line":null,"column":-1}},"27":{"start":{"line":102,"column":12},"end":{"line":null,"column":-1}},"28":{"start":{"line":107,"column":8},"end":{"line":null,"column":-1}},"29":{"start":{"line":111,"column":6},"end":{"line":null,"column":-1}},"30":{"start":{"line":118,"column":2},"end":{"line":122,"column":3}},"31":{"start":{"line":119,"column":4},"end":{"line":null,"column":-1}},"32":{"start":{"line":120,"column":6},"end":{"line":null,"column":-1}},"33":{"start":{"line":117,"column":0},"end":{"line":null,"column":-1}}},"fnMap":{"0":{"name":"register","decl":{"start":{"line":22,"column":24},"end":{"line":22,"column":0}},"loc":{"start":{"line":22,"column":32},"end":{"line":57,"column":1}}},"1":{"name":"(anonymous_1)","decl":{"start":{"line":36,"column":36},"end":{"line":36,"column":35}},"loc":{"start":{"line":36,"column":36},"end":{"line":36,"column":4}}},"2":{"name":"(anonymous_2)","decl":{"start":{"line":45,"column":43},"end":{"line":45,"column":42}},"loc":{"start":{"line":45,"column":43},"end":{"line":45,"column":8}}},"3":{"name":"registerValidSW","decl":{"start":{"line":59,"column":9},"end":{"line":59,"column":0}},"loc":{"start":{"line":59,"column":38},"end":{"line":88,"column":1}}},"4":{"name":"(anonymous_4)","decl":{"start":{"line":62,"column":10},"end":{"line":62,"column":9}},"loc":{"start":{"line":62,"column":22},"end":{"line":60,"column":2}}},"5":{"name":"(anonymous_5)","decl":{"start":{"line":63,"column":35},"end":{"line":63,"column":34}},"loc":{"start":{"line":63,"column":35},"end":{"line":63,"column":6}}},"6":{"name":"(anonymous_6)","decl":{"start":{"line":66,"column":43},"end":{"line":66,"column":42}},"loc":{"start":{"line":66,"column":43},"end":{"line":66,"column":10}}},"7":{"name":"(anonymous_7)","decl":{"start":{"line":85,"column":11},"end":{"line":85,"column":10}},"loc":{"start":{"line":85,"column":16},"end":{"line":60,"column":2}}},"8":{"name":"checkValidServiceWorker","decl":{"start":{"line":90,"column":9},"end":{"line":90,"column":0}},"loc":{"start":{"line":90,"column":46},"end":{"line":115,"column":1}}},"9":{"name":"(anonymous_9)","decl":{"start":{"line":93,"column":10},"end":{"line":93,"column":9}},"loc":{"start":{"line":93,"column":18},"end":{"line":92,"column":2}}},"10":{"name":"(anonymous_10)","decl":{"start":{"line":100,"column":43},"end":{"line":100,"column":42}},"loc":{"start":{"line":100,"column":55},"end":{"line":100,"column":8}}},"11":{"name":"(anonymous_11)","decl":{"start":{"line":101,"column":41},"end":{"line":101,"column":40}},"loc":{"start":{"line":101,"column":41},"end":{"line":101,"column":10}}},"12":{"name":"(anonymous_12)","decl":{"start":{"line":110,"column":11},"end":{"line":110,"column":10}},"loc":{"start":{"line":110,"column":11},"end":{"line":92,"column":2}}},"13":{"name":"unregister","decl":{"start":{"line":117,"column":16},"end":{"line":117,"column":0}},"loc":{"start":{"line":117,"column":26},"end":{"line":123,"column":1}}},"14":{"name":"(anonymous_14)","decl":{"start":{"line":119,"column":39},"end":{"line":119,"column":38}},"loc":{"start":{"line":119,"column":51},"end":{"line":119,"column":4}}}},"branchMap":{"0":{"loc":{"start":{"line":13,"column":2},"end":{"line":13,"column":1}},"type":"binary-expr","locations":[{"start":{"line":13,"column":2},"end":{"line":13,"column":1}},{"start":{"line":15,"column":4},"end":{"line":13,"column":2}},{"start":{"line":17,"column":4},"end":{"line":12,"column":20}}]},"1":{"loc":{"start":{"line":23,"column":2},"end":{"line":56,"column":3}},"type":"if","locations":[{"start":{"line":23,"column":2},"end":{"line":56,"column":3}},{"start":{"line":23,"column":2},"end":{"line":56,"column":3}}]},"2":{"loc":{"start":{"line":23,"column":6},"end":{"line":23,"column":5}},"type":"binary-expr","locations":[{"start":{"line":23,"column":6},"end":{"line":23,"column":5}},{"start":{"line":23,"column":47},"end":{"line":23,"column":2}}]},"3":{"loc":{"start":{"line":29,"column":4},"end":{"line":34,"column":5}},"type":"if","locations":[{"start":{"line":29,"column":4},"end":{"line":34,"column":5}},{"start":{"line":29,"column":4},"end":{"line":34,"column":5}}]},"4":{"loc":{"start":{"line":39,"column":6},"end":{"line":54,"column":7}},"type":"if","locations":[{"start":{"line":39,"column":6},"end":{"line":54,"column":7}},{"start":{"line":39,"column":6},"end":{"line":54,"column":7}}]},"5":{"loc":{"start":{"line":65,"column":8},"end":{"line":82,"column":9}},"type":"if","locations":[{"start":{"line":65,"column":8},"end":{"line":82,"column":9}},{"start":{"line":65,"column":8},"end":{"line":82,"column":9}}]},"6":{"loc":{"start":{"line":67,"column":12},"end":{"line":80,"column":13}},"type":"if","locations":[{"start":{"line":67,"column":12},"end":{"line":80,"column":13}},{"start":{"line":67,"column":12},"end":{"line":80,"column":13}}]},"7":{"loc":{"start":{"line":68,"column":14},"end":{"line":79,"column":15}},"type":"if","locations":[{"start":{"line":68,"column":14},"end":{"line":79,"column":15}},{"start":{"line":68,"column":14},"end":{"line":79,"column":15}}]},"8":{"loc":{"start":{"line":95,"column":6},"end":{"line":108,"column":7}},"type":"if","locations":[{"start":{"line":95,"column":6},"end":{"line":108,"column":7}},{"start":{"line":95,"column":6},"end":{"line":108,"column":7}}]},"9":{"loc":{"start":{"line":96,"column":8},"end":{"line":96,"column":7}},"type":"binary-expr","locations":[{"start":{"line":96,"column":8},"end":{"line":96,"column":7}},{"start":{"line":97,"column":8},"end":{"line":95,"column":6}}]},"10":{"loc":{"start":{"line":118,"column":2},"end":{"line":122,"column":3}},"type":"if","locations":[{"start":{"line":118,"column":2},"end":{"line":122,"column":3}},{"start":{"line":118,"column":2},"end":{"line":122,"column":3}}]}},"s":{"0":0,"1":0,"2":0,"3":0,"4":0,"5":0,"6":0,"7":0,"8":0,"9":0,"10":0,"11":0,"12":0,"13":0,"14":0,"15":0,"16":0,"17":0,"18":0,"19":0,"20":0,"21":0,"22":0,"23":0,"24":0,"25":0,"26":0,"27":0,"28":0,"29":0,"30":0,"31":0,"32":0,"33":0},"f":{"0":0,"1":0,"2":0,"3":0,"4":0,"5":0,"6":0,"7":0,"8":0,"9":0,"10":0,"11":0,"12":0,"13":0,"14":0},"b":{"0":[0,0,0],"1":[0,0],"2":[0,0],"3":[0,0],"4":[0,0],"5":[0,0],"6":[0,0],"7":[0,0],"8":[0,0],"9":[0,0],"10":[0,0]}}
,"C:\\Users\\silve\\desktop\\TrainingApp\\src\\components\\create-user.tsx": {"path":"C:\\Users\\silve\\desktop\\TrainingApp\\src\\components\\create-user.tsx","statementMap":{"0":{"start":{"line":1,"column":0},"end":{"line":1,"column":-1}},"1":{"start":{"line":4,"column":0},"end":{"line":4,"column":-1}},"2":{"start":{"line":4,"column":32},"end":{"line":null,"column":-1}},"3":{"start":{"line":5,"column":11},"end":{"line":null,"column":-1}},"4":{"start":{"line":7,"column":8},"end":{"line":null,"column":-1}},"5":{"start":{"line":13,"column":0},"end":{"line":null,"column":-1}},"6":{"start":{"line":4,"column":13},"end":{"line":null,"column":-1}}},"fnMap":{"0":{"name":"(anonymous_6)","decl":{"start":{"line":4,"column":0},"end":{"line":4,"column":-1}},"loc":{"start":{"line":4,"column":0},"end":{"line":4,"column":-1}}},"1":{"name":"(anonymous_8)","decl":{"start":{"line":5,"column":4},"end":{"line":5,"column":3}},"loc":{"start":{"line":5,"column":4},"end":{"line":5,"column":11}}}},"branchMap":{},"s":{"0":0,"1":0,"2":0,"3":0,"4":0,"5":0,"6":0},"f":{"0":0,"1":0},"b":{}}
,"C:\\Users\\silve\\desktop\\TrainingApp\\src\\include\\bootstrap.js": {"path":"C:\\Users\\silve\\desktop\\TrainingApp\\src\\include\\bootstrap.js","statementMap":{"0":{"start":{"line":1,"column":0},"end":{"line":null,"column":-1}},"1":{"start":{"line":2,"column":0},"end":{"line":null,"column":-1}},"2":{"start":{"line":3,"column":0},"end":{"line":null,"column":-1}},"3":{"start":{"line":4,"column":0},"end":{"line":null,"column":-1}},"4":{"start":{"line":5,"column":0},"end":{"line":null,"column":-1}}},"fnMap":{},"branchMap":{},"s":{"0":0,"1":0,"2":0,"3":0,"4":0},"f":{},"b":{}}
,"C:\\Users\\silve\\desktop\\TrainingApp\\src\\include\\jquery.js": {"path":"C:\\Users\\silve\\desktop\\TrainingApp\\src\\include\\jquery.js","statementMap":{"0":{"start":{"line":1,"column":0},"end":{"line":null,"column":-1}},"1":{"start":{"line":3,"column":0},"end":{"line":null,"column":-1}}},"fnMap":{},"branchMap":{},"s":{"0":0,"1":0},"f":{},"b":{}}
,"C:\\Users\\silve\\desktop\\TrainingApp\\src\\include\\popper.js": {"path":"C:\\Users\\silve\\desktop\\TrainingApp\\src\\include\\popper.js","statementMap":{"0":{"start":{"line":1,"column":0},"end":{"line":null,"column":-1}},"1":{"start":{"line":3,"column":0},"end":{"line":null,"column":-1}}},"fnMap":{},"branchMap":{},"s":{"0":0,"1":0},"f":{},"b":{}}
,"C:\\Users\\silve\\desktop\\TrainingApp\\src\\include\\tether.js": {"path":"C:\\Users\\silve\\desktop\\TrainingApp\\src\\include\\tether.js","statementMap":{"0":{"start":{"line":1,"column":0},"end":{"line":null,"column":-1}},"1":{"start":{"line":3,"column":0},"end":{"line":null,"column":-1}}},"fnMap":{},"branchMap":{},"s":{"0":0,"1":0},"f":{},"b":{}}
}
