TN:
SF:C:\Users\silve\Desktop\TrainingApp\src\App.tsx
FN:6,(anonymous_6)
FN:7,(anonymous_8)
FNF:2
FNH:2
FNDA:2,(anonymous_6)
FNDA:1,(anonymous_8)
DA:1,1
DA:2,1
DA:4,1
DA:6,1
DA:7,1
DA:8,1
DA:20,1
DA:22,1
LF:8
LH:8
BRF:0
BRH:0
end_of_record
TN:
SF:C:\Users\silve\Desktop\TrainingApp\src\components\create-user.tsx
FN:4,(anonymous_6)
FN:5,(anonymous_8)
FNF:2
FNH:1
FNDA:1,(anonymous_6)
FNDA:0,(anonymous_8)
DA:1,1
DA:4,1
DA:5,1
DA:7,0
DA:13,1
LF:5
LH:4
BRF:0
BRH:0
end_of_record
TN:
SF:C:\Users\silve\desktop\TrainingApp\src\App.tsx
FN:6,(anonymous_6)
FN:7,(anonymous_8)
FNF:2
FNH:0
FNDA:0,(anonymous_6)
FNDA:0,(anonymous_8)
DA:1,0
DA:2,0
DA:4,0
DA:6,0
DA:7,0
DA:8,0
DA:20,0
DA:22,0
LF:8
LH:0
BRF:0
BRH:0
end_of_record
TN:
SF:C:\Users\silve\desktop\TrainingApp\src\index.tsx
FNF:0
FNH:0
DA:1,0
DA:2,0
DA:3,0
DA:4,0
DA:5,0
DA:7,0
DA:11,0
LF:7
LH:0
BRF:0
BRH:0
end_of_record
TN:
SF:C:\Users\silve\desktop\TrainingApp\src\registerServiceWorker.ts
FN:22,register
FN:36,(anonymous_1)
FN:45,(anonymous_2)
FN:59,registerValidSW
FN:62,(anonymous_4)
FN:63,(anonymous_5)
FN:66,(anonymous_6)
FN:85,(anonymous_7)
FN:90,checkValidServiceWorker
FN:93,(anonymous_9)
FN:100,(anonymous_10)
FN:101,(anonymous_11)
FN:110,(anonymous_12)
FN:117,unregister
FN:119,(anonymous_14)
FNF:15
FNH:0
FNDA:0,register
FNDA:0,(anonymous_1)
FNDA:0,(anonymous_2)
FNDA:0,registerValidSW
FNDA:0,(anonymous_4)
FNDA:0,(anonymous_5)
FNDA:0,(anonymous_6)
FNDA:0,(anonymous_7)
FNDA:0,checkValidServiceWorker
FNDA:0,(anonymous_9)
FNDA:0,(anonymous_10)
FNDA:0,(anonymous_11)
FNDA:0,(anonymous_12)
FNDA:0,unregister
FNDA:0,(anonymous_14)
DA:12,0
DA:22,0
DA:23,0
DA:25,0
DA:29,0
DA:33,0
DA:36,0
DA:37,0
DA:39,0
DA:41,0
DA:45,0
DA:46,0
DA:53,0
DA:60,0
DA:63,0
DA:64,0
DA:65,0
DA:66,0
DA:67,0
DA:68,0
DA:73,0
DA:78,0
DA:86,0
DA:92,0
DA:95,0
DA:100,0
DA:101,0
DA:102,0
DA:107,0
DA:111,0
DA:117,0
DA:118,0
DA:119,0
DA:120,0
LF:34
LH:0
BRDA:13,0,0,0
BRDA:13,0,1,0
BRDA:13,0,2,0
BRDA:23,1,0,0
BRDA:23,1,1,0
BRDA:23,2,0,0
BRDA:23,2,1,0
BRDA:29,3,0,0
BRDA:29,3,1,0
BRDA:39,4,0,0
BRDA:39,4,1,0
BRDA:65,5,0,0
BRDA:65,5,1,0
BRDA:67,6,0,0
BRDA:67,6,1,0
BRDA:68,7,0,0
BRDA:68,7,1,0
BRDA:95,8,0,0
BRDA:95,8,1,0
BRDA:96,9,0,0
BRDA:96,9,1,0
BRDA:118,10,0,0
BRDA:118,10,1,0
BRF:23
BRH:0
end_of_record
TN:
SF:C:\Users\silve\desktop\TrainingApp\src\components\create-user.tsx
FN:4,(anonymous_6)
FN:5,(anonymous_8)
FNF:2
FNH:0
FNDA:0,(anonymous_6)
FNDA:0,(anonymous_8)
DA:1,0
DA:4,0
DA:5,0
DA:7,0
DA:13,0
LF:5
LH:0
BRF:0
BRH:0
end_of_record
TN:
SF:C:\Users\silve\desktop\TrainingApp\src\include\bootstrap.js
FNF:0
FNH:0
DA:1,0
DA:2,0
DA:3,0
DA:4,0
DA:5,0
LF:5
LH:0
BRF:0
BRH:0
end_of_record
TN:
SF:C:\Users\silve\desktop\TrainingApp\src\include\jquery.js
FNF:0
FNH:0
DA:1,0
DA:3,0
LF:2
LH:0
BRF:0
BRH:0
end_of_record
TN:
SF:C:\Users\silve\desktop\TrainingApp\src\include\popper.js
FNF:0
FNH:0
DA:1,0
DA:3,0
LF:2
LH:0
BRF:0
BRH:0
end_of_record
TN:
SF:C:\Users\silve\desktop\TrainingApp\src\include\tether.js
FNF:0
FNH:0
DA:1,0
DA:3,0
LF:2
LH:0
BRF:0
BRH:0
end_of_record
